This file contains any messages produced by compilers while
running configure, to aid debugging if configure makes a mistake.

It was created by libdsp configure 0.0.1, which was
generated by GNU Autoconf 2.69.  Invocation command line was

  $ ./configure --target=arm-buildroot-linux-gnueabihf --host=arm-buildroot-linux-gnueabihf --build=x86_64-unknown-linux-gnu --prefix=/usr --exec-prefix=/usr --sysconfdir=/etc --localstatedir=/var --program-prefix= --disable-gtk-doc --disable-gtk-doc-html --disable-doc --disable-docs --disable-documentation --with-xmlto=no --with-fop=no --disable-dependency-tracking --enable-ipv6 --disable-debug --disable-static --enable-shared build_alias=x86_64-unknown-linux-gnu host_alias=arm-buildroot-linux-gnueabihf target_alias=arm-buildroot-linux-gnueabihf CXX=/home/test/workspace/sam_audio/buildroot2/output/host/usr/bin/arm-linux-gnueabi-g++ CXXFLAGS=-D_LARGEFILE_SOURCE -D_LARGEFILE64_SOURCE -D_FILE_OFFSET_BITS=64   -Os  LDFLAGS= CPPFLAGS=-D_LARGEFILE_SOURCE -D_LARGEFILE64_SOURCE -D_FILE_OFFSET_BITS=64 CC=/home/test/workspace/sam_audio/buildroot2/output/host/usr/bin/arm-linux-gnueabi-gcc CFLAGS=-D_LARGEFILE_SOURCE -D_LARGEFILE64_SOURCE -D_FILE_OFFSET_BITS=64   -Os  CPP=/home/test/workspace/sam_audio/buildroot2/output/host/usr/bin/arm-linux-gnueabi-cpp PKG_CONFIG=/home/test/workspace/sam_audio/buildroot2/output/host/usr/bin/pkg-config --no-create --no-recursion

## --------- ##
## Platform. ##
## --------- ##

hostname = test-OptiPlex-3050
uname -m = x86_64
uname -r = 4.15.0-54-generic
uname -s = Linux
uname -v = #58~16.04.1-Ubuntu SMP Mon Jun 24 13:21:41 UTC 2019

/usr/bin/uname -p = unknown
/bin/uname -X     = unknown

/bin/arch              = unknown
/usr/bin/arch -k       = unknown
/usr/convex/getsysinfo = unknown
/usr/bin/hostinfo      = unknown
/bin/machine           = unknown
/usr/bin/oslevel       = unknown
/bin/universe          = unknown

PATH: /home/test/bin
PATH: /home/test/.local/bin
PATH: /usr/local/sbin
PATH: /usr/local/bin
PATH: /usr/sbin
PATH: /usr/bin
PATH: /sbin
PATH: /bin
PATH: /usr/games
PATH: /usr/local/games
PATH: /snap/bin
PATH: /opt/analog/cces-linux-add-in/1.3.1/ARM/arm-linux-gnueabi/bin
PATH: /opt/analog/cces/2.8.3/ARM/arm-none-eabi/bin


## ----------- ##
## Core tests. ##
## ----------- ##

configure:2613: checking for a BSD-compatible install
configure:2681: result: /usr/bin/install -c
configure:2692: checking whether build environment is sane
configure:2747: result: yes
configure:2806: checking for arm-buildroot-linux-gnueabihf-strip
configure:2836: result: no
configure:2846: checking for strip
configure:2862: found /usr/bin/strip
configure:2873: result: strip
configure:2885: WARNING: using cross tools not prefixed with host triplet
configure:2898: checking for a thread-safe mkdir -p
configure:2937: result: /bin/mkdir -p
configure:2944: checking for gawk
configure:2960: found /usr/bin/gawk
configure:2971: result: gawk
configure:2982: checking whether make sets $(MAKE)
configure:3004: result: yes
configure:3033: checking whether make supports nested variables
configure:3050: result: yes
configure:3290: checking for C++ compiler version
configure:3299: /home/test/workspace/sam_audio/buildroot2/output/host/usr/bin/arm-linux-gnueabi-g++ --version >&5
arm-linux-gnueabi-g++ (Analog Devices Inc. ARM Tools (6982e14d46b79b4d98b7172964d596c02615742a). Distributed as part of CrossCore Embedded Studio and associated add-ins. jenkins-LINUXADDIN1_3_0_arm_linux_gnueabi_toolchain-6 6 edin-verona.spd.analog.com) 4.8.3
Copyright (C) 2013 Free Software Foundation, Inc.
This is free software; see the source for copying conditions.  There is NO
warranty; not even for MERCHANTABILITY or FITNESS FOR A PARTICULAR PURPOSE.

configure:3310: $? = 0
configure:3299: /home/test/workspace/sam_audio/buildroot2/output/host/usr/bin/arm-linux-gnueabi-g++ -v >&5
Using built-in specs.
COLLECT_GCC=/opt/analog/cces-linux-add-in/1.3.1/ARM/arm-linux-gnueabi/bin/arm-linux-gnueabi-g++
COLLECT_LTO_WRAPPER=/opt/analog/cces-linux-add-in/1.3.1/ARM/arm-linux-gnueabi/bin/../libexec/gcc/arm-linux-gnueabi/4.8.3/lto-wrapper
Target: arm-linux-gnueabi
Configured with: /home/comptest/jenkins/workspace/LINUXADDIN1_3_0_arm_linux_gnueabi_toolchain/gnu-arm/src/gcc-linaro-4.8-2014.04/configure --with-pkgversion='Analog Devices Inc. ARM Tools (6982e14d46b79b4d98b7172964d596c02615742a). Distributed as part of CrossCore Embedded Studio and associated add-ins. jenkins-LINUXADDIN1_3_0_arm_linux_gnueabi_toolchain-6 6 edin-verona.spd.analog.com' --with-bugurl=processor.tools.support@analog.com --target=arm-linux-gnueabi --host=i686-pc-linux-gnu --build=i686-pc-linux-gnu --prefix=/home/comptest/jenkins/workspace/LINUXADDIN1_3_0_arm_linux_gnueabi_toolchain/gnu-arm/output/toolchain_arm/4.8/ARM/arm-linux-gnueabi --enable-multilib --enable-checking=release --with-gmp=/home/comptest/jenkins/workspace/LINUXADDIN1_3_0_arm_linux_gnueabi_toolchain/gnu-arm/build/i686-pc-linux-gnu --with-mpfr=/home/comptest/jenkins/workspace/LINUXADDIN1_3_0_arm_linux_gnueabi_toolchain/gnu-arm/build/i686-pc-linux-gnu --with-mpc=/home/comptest/jenkins/workspace/LINUXADDIN1_3_0_arm_linux_gnueabi_toolchain/gnu-arm/build/i686-pc-linux-gnu --with-stage1-libs='-L/home/comptest/jenkins/workspace/LINUXADDIN1_3_0_arm_linux_gnueabi_toolchain/gnu-arm/build/i686-pc-linux-gnu/lib -lexpat -static-libstdc++ -static-libgcc -lstdc++' --with-cloog=/home/comptest/jenkins/workspace/LINUXADDIN1_3_0_arm_linux_gnueabi_toolchain/gnu-arm/build/i686-pc-linux-gnu --with-isl=/home/comptest/jenkins/workspace/LINUXADDIN1_3_0_arm_linux_gnueabi_toolchain/gnu-arm/build/i686-pc-linux-gnu --enable-clocale=gnu --enable-shared --enable-threads=posix --enable-__cxa_atexit --enable-languages=c,c++ --disable-libstdcxx-pch --without-ppl --with-system-zlib --with-mode=thumb --with-sysroot=/home/comptest/jenkins/workspace/LINUXADDIN1_3_0_arm_linux_gnueabi_toolchain/gnu-arm/output/toolchain_arm/4.8/ARM/arm-linux-gnueabi/sysroot CFLAGS='-DADI_CHANGES -O2' 'NEWLIB_CFLAGS=-DADI_CHANGES -O2 -fdata-sections -ffunction-sections -mno-unaligned-access' 'CFLAGS_FOR_TARGET=-DADI_CHANGES -O2 -fdata-sections -ffunction-sections -mno-unaligned-access  '
Thread model: posix
gcc version 4.8.3 (Analog Devices Inc. ARM Tools (6982e14d46b79b4d98b7172964d596c02615742a). Distributed as part of CrossCore Embedded Studio and associated add-ins. jenkins-LINUXADDIN1_3_0_arm_linux_gnueabi_toolchain-6 6 edin-verona.spd.analog.com) 
configure:3310: $? = 0
configure:3299: /home/test/workspace/sam_audio/buildroot2/output/host/usr/bin/arm-linux-gnueabi-g++ -V >&5
arm-linux-gnueabi-g++: error: unrecognized command line option '-V'
arm-linux-gnueabi-g++: fatal error: no input files
compilation terminated.
configure:3310: $? = 1
configure:3299: /home/test/workspace/sam_audio/buildroot2/output/host/usr/bin/arm-linux-gnueabi-g++ -qversion >&5
arm-linux-gnueabi-g++: error: unrecognized command line option '-qversion'
arm-linux-gnueabi-g++: fatal error: no input files
compilation terminated.
configure:3310: $? = 1
configure:3330: checking whether the C++ compiler works
configure:3352: /home/test/workspace/sam_audio/buildroot2/output/host/usr/bin/arm-linux-gnueabi-g++ -D_LARGEFILE_SOURCE -D_LARGEFILE64_SOURCE -D_FILE_OFFSET_BITS=64   -Os  -D_LARGEFILE_SOURCE -D_LARGEFILE64_SOURCE -D_FILE_OFFSET_BITS=64  conftest.cpp  >&5
configure:3356: $? = 0
configure:3404: result: yes
configure:3407: checking for C++ compiler default output file name
configure:3409: result: a.out
configure:3415: checking for suffix of executables
configure:3422: /home/test/workspace/sam_audio/buildroot2/output/host/usr/bin/arm-linux-gnueabi-g++ -o conftest -D_LARGEFILE_SOURCE -D_LARGEFILE64_SOURCE -D_FILE_OFFSET_BITS=64   -Os  -D_LARGEFILE_SOURCE -D_LARGEFILE64_SOURCE -D_FILE_OFFSET_BITS=64  conftest.cpp  >&5
configure:3426: $? = 0
configure:3448: result: 
configure:3470: checking whether we are cross compiling
configure:3508: result: yes
configure:3513: checking for suffix of object files
configure:3535: /home/test/workspace/sam_audio/buildroot2/output/host/usr/bin/arm-linux-gnueabi-g++ -c -D_LARGEFILE_SOURCE -D_LARGEFILE64_SOURCE -D_FILE_OFFSET_BITS=64   -Os  -D_LARGEFILE_SOURCE -D_LARGEFILE64_SOURCE -D_FILE_OFFSET_BITS=64 conftest.cpp >&5
configure:3539: $? = 0
configure:3560: result: o
configure:3564: checking whether we are using the GNU C++ compiler
configure:3583: /home/test/workspace/sam_audio/buildroot2/output/host/usr/bin/arm-linux-gnueabi-g++ -c -D_LARGEFILE_SOURCE -D_LARGEFILE64_SOURCE -D_FILE_OFFSET_BITS=64   -Os  -D_LARGEFILE_SOURCE -D_LARGEFILE64_SOURCE -D_FILE_OFFSET_BITS=64 conftest.cpp >&5
configure:3583: $? = 0
configure:3592: result: yes
configure:3601: checking whether /home/test/workspace/sam_audio/buildroot2/output/host/usr/bin/arm-linux-gnueabi-g++ accepts -g
configure:3621: /home/test/workspace/sam_audio/buildroot2/output/host/usr/bin/arm-linux-gnueabi-g++ -c -g -D_LARGEFILE_SOURCE -D_LARGEFILE64_SOURCE -D_FILE_OFFSET_BITS=64 conftest.cpp >&5
configure:3621: $? = 0
configure:3662: result: yes
configure:3696: checking for style of include used by make
configure:3724: result: GNU
configure:3750: checking dependency style of /home/test/workspace/sam_audio/buildroot2/output/host/usr/bin/arm-linux-gnueabi-g++
configure:3861: result: none
configure:3880: checking for gawk
configure:3907: result: gawk
configure:3926: checking for arm-buildroot-linux-gnueabihf-gcc
configure:3953: result: /home/test/workspace/sam_audio/buildroot2/output/host/usr/bin/arm-linux-gnueabi-gcc
configure:4222: checking for C compiler version
configure:4231: /home/test/workspace/sam_audio/buildroot2/output/host/usr/bin/arm-linux-gnueabi-gcc --version >&5
arm-linux-gnueabi-gcc (Analog Devices Inc. ARM Tools (6982e14d46b79b4d98b7172964d596c02615742a). Distributed as part of CrossCore Embedded Studio and associated add-ins. jenkins-LINUXADDIN1_3_0_arm_linux_gnueabi_toolchain-6 6 edin-verona.spd.analog.com) 4.8.3
Copyright (C) 2013 Free Software Foundation, Inc.
This is free software; see the source for copying conditions.  There is NO
warranty; not even for MERCHANTABILITY or FITNESS FOR A PARTICULAR PURPOSE.

configure:4242: $? = 0
configure:4231: /home/test/workspace/sam_audio/buildroot2/output/host/usr/bin/arm-linux-gnueabi-gcc -v >&5
Using built-in specs.
COLLECT_GCC=/opt/analog/cces-linux-add-in/1.3.1/ARM/arm-linux-gnueabi/bin/arm-linux-gnueabi-gcc
COLLECT_LTO_WRAPPER=/opt/analog/cces-linux-add-in/1.3.1/ARM/arm-linux-gnueabi/bin/../libexec/gcc/arm-linux-gnueabi/4.8.3/lto-wrapper
Target: arm-linux-gnueabi
Configured with: /home/comptest/jenkins/workspace/LINUXADDIN1_3_0_arm_linux_gnueabi_toolchain/gnu-arm/src/gcc-linaro-4.8-2014.04/configure --with-pkgversion='Analog Devices Inc. ARM Tools (6982e14d46b79b4d98b7172964d596c02615742a). Distributed as part of CrossCore Embedded Studio and associated add-ins. jenkins-LINUXADDIN1_3_0_arm_linux_gnueabi_toolchain-6 6 edin-verona.spd.analog.com' --with-bugurl=processor.tools.support@analog.com --target=arm-linux-gnueabi --host=i686-pc-linux-gnu --build=i686-pc-linux-gnu --prefix=/home/comptest/jenkins/workspace/LINUXADDIN1_3_0_arm_linux_gnueabi_toolchain/gnu-arm/output/toolchain_arm/4.8/ARM/arm-linux-gnueabi --enable-multilib --enable-checking=release --with-gmp=/home/comptest/jenkins/workspace/LINUXADDIN1_3_0_arm_linux_gnueabi_toolchain/gnu-arm/build/i686-pc-linux-gnu --with-mpfr=/home/comptest/jenkins/workspace/LINUXADDIN1_3_0_arm_linux_gnueabi_toolchain/gnu-arm/build/i686-pc-linux-gnu --with-mpc=/home/comptest/jenkins/workspace/LINUXADDIN1_3_0_arm_linux_gnueabi_toolchain/gnu-arm/build/i686-pc-linux-gnu --with-stage1-libs='-L/home/comptest/jenkins/workspace/LINUXADDIN1_3_0_arm_linux_gnueabi_toolchain/gnu-arm/build/i686-pc-linux-gnu/lib -lexpat -static-libstdc++ -static-libgcc -lstdc++' --with-cloog=/home/comptest/jenkins/workspace/LINUXADDIN1_3_0_arm_linux_gnueabi_toolchain/gnu-arm/build/i686-pc-linux-gnu --with-isl=/home/comptest/jenkins/workspace/LINUXADDIN1_3_0_arm_linux_gnueabi_toolchain/gnu-arm/build/i686-pc-linux-gnu --enable-clocale=gnu --enable-shared --enable-threads=posix --enable-__cxa_atexit --enable-languages=c,c++ --disable-libstdcxx-pch --without-ppl --with-system-zlib --with-mode=thumb --with-sysroot=/home/comptest/jenkins/workspace/LINUXADDIN1_3_0_arm_linux_gnueabi_toolchain/gnu-arm/output/toolchain_arm/4.8/ARM/arm-linux-gnueabi/sysroot CFLAGS='-DADI_CHANGES -O2' 'NEWLIB_CFLAGS=-DADI_CHANGES -O2 -fdata-sections -ffunction-sections -mno-unaligned-access' 'CFLAGS_FOR_TARGET=-DADI_CHANGES -O2 -fdata-sections -ffunction-sections -mno-unaligned-access  '
Thread model: posix
gcc version 4.8.3 (Analog Devices Inc. ARM Tools (6982e14d46b79b4d98b7172964d596c02615742a). Distributed as part of CrossCore Embedded Studio and associated add-ins. jenkins-LINUXADDIN1_3_0_arm_linux_gnueabi_toolchain-6 6 edin-verona.spd.analog.com) 
configure:4242: $? = 0
configure:4231: /home/test/workspace/sam_audio/buildroot2/output/host/usr/bin/arm-linux-gnueabi-gcc -V >&5
arm-linux-gnueabi-gcc: error: unrecognized command line option '-V'
arm-linux-gnueabi-gcc: fatal error: no input files
compilation terminated.
configure:4242: $? = 1
configure:4231: /home/test/workspace/sam_audio/buildroot2/output/host/usr/bin/arm-linux-gnueabi-gcc -qversion >&5
arm-linux-gnueabi-gcc: error: unrecognized command line option '-qversion'
arm-linux-gnueabi-gcc: fatal error: no input files
compilation terminated.
configure:4242: $? = 1
configure:4246: checking whether we are using the GNU C compiler
configure:4265: /home/test/workspace/sam_audio/buildroot2/output/host/usr/bin/arm-linux-gnueabi-gcc -c -D_LARGEFILE_SOURCE -D_LARGEFILE64_SOURCE -D_FILE_OFFSET_BITS=64   -Os  -D_LARGEFILE_SOURCE -D_LARGEFILE64_SOURCE -D_FILE_OFFSET_BITS=64 conftest.c >&5
configure:4265: $? = 0
configure:4274: result: yes
configure:4283: checking whether /home/test/workspace/sam_audio/buildroot2/output/host/usr/bin/arm-linux-gnueabi-gcc accepts -g
configure:4303: /home/test/workspace/sam_audio/buildroot2/output/host/usr/bin/arm-linux-gnueabi-gcc -c -g -D_LARGEFILE_SOURCE -D_LARGEFILE64_SOURCE -D_FILE_OFFSET_BITS=64 conftest.c >&5
configure:4303: $? = 0
configure:4344: result: yes
configure:4361: checking for /home/test/workspace/sam_audio/buildroot2/output/host/usr/bin/arm-linux-gnueabi-gcc option to accept ISO C89
configure:4424: /home/test/workspace/sam_audio/buildroot2/output/host/usr/bin/arm-linux-gnueabi-gcc  -c -D_LARGEFILE_SOURCE -D_LARGEFILE64_SOURCE -D_FILE_OFFSET_BITS=64   -Os  -D_LARGEFILE_SOURCE -D_LARGEFILE64_SOURCE -D_FILE_OFFSET_BITS=64 conftest.c >&5
configure:4424: $? = 0
configure:4437: result: none needed
configure:4462: checking whether /home/test/workspace/sam_audio/buildroot2/output/host/usr/bin/arm-linux-gnueabi-gcc understands -c and -o together
configure:4484: /home/test/workspace/sam_audio/buildroot2/output/host/usr/bin/arm-linux-gnueabi-gcc -c conftest.c -o conftest2.o
configure:4487: $? = 0
configure:4484: /home/test/workspace/sam_audio/buildroot2/output/host/usr/bin/arm-linux-gnueabi-gcc -c conftest.c -o conftest2.o
configure:4487: $? = 0
configure:4499: result: yes
configure:4518: checking dependency style of /home/test/workspace/sam_audio/buildroot2/output/host/usr/bin/arm-linux-gnueabi-gcc
configure:4629: result: none
configure:4649: checking how to run the C preprocessor
configure:4719: result: /home/test/workspace/sam_audio/buildroot2/output/host/usr/bin/arm-linux-gnueabi-cpp
configure:4739: /home/test/workspace/sam_audio/buildroot2/output/host/usr/bin/arm-linux-gnueabi-cpp -D_LARGEFILE_SOURCE -D_LARGEFILE64_SOURCE -D_FILE_OFFSET_BITS=64 conftest.c
configure:4739: $? = 0
configure:4753: /home/test/workspace/sam_audio/buildroot2/output/host/usr/bin/arm-linux-gnueabi-cpp -D_LARGEFILE_SOURCE -D_LARGEFILE64_SOURCE -D_FILE_OFFSET_BITS=64 conftest.c
conftest.c:11:28: fatal error: ac_nonexistent.h: No such file or directory
 #include <ac_nonexistent.h>
                            ^
compilation terminated.
configure:4753: $? = 1
configure: failed program was:
| /* confdefs.h */
| #define PACKAGE_NAME "libdsp"
| #define PACKAGE_TARNAME "libdsp"
| #define PACKAGE_VERSION "0.0.1"
| #define PACKAGE_STRING "libdsp 0.0.1"
| #define PACKAGE_BUGREPORT "processor.tools.support@analog.com"
| #define PACKAGE_URL ""
| #define PACKAGE "libdsp"
| #define VERSION "0.0.1"
| /* end confdefs.h.  */
| #include <ac_nonexistent.h>
configure:4782: checking whether ln -s works
configure:4786: result: yes
configure:4793: checking whether make sets $(MAKE)
configure:4815: result: yes
configure:4827: checking for arm-buildroot-linux-gnueabihf-ranlib
configure:4857: result: no
configure:4867: checking for ranlib
configure:4883: found /usr/bin/ranlib
configure:4894: result: ranlib
configure:4945: checking build system type
configure:4959: result: x86_64-unknown-linux-gnu
configure:4979: checking host system type
configure:4992: result: arm-buildroot-linux-gnueabihf
configure:5033: checking how to print strings
configure:5060: result: printf
configure:5081: checking for a sed that does not truncate output
configure:5145: result: /bin/sed
configure:5163: checking for grep that handles long lines and -e
configure:5221: result: /bin/grep
configure:5226: checking for egrep
configure:5288: result: /bin/grep -E
configure:5293: checking for fgrep
configure:5355: result: /bin/grep -F
configure:5390: checking for ld used by /home/test/workspace/sam_audio/buildroot2/output/host/usr/bin/arm-linux-gnueabi-gcc
configure:5457: result: /opt/analog/cces-linux-add-in/1.3.1/ARM/arm-linux-gnueabi/arm-linux-gnueabi/bin/ld
configure:5464: checking if the linker (/opt/analog/cces-linux-add-in/1.3.1/ARM/arm-linux-gnueabi/arm-linux-gnueabi/bin/ld) is GNU ld
configure:5479: result: yes
configure:5491: checking for BSD- or MS-compatible name lister (nm)
configure:5545: result: no
configure:5559: checking for arm-buildroot-linux-gnueabihf-dumpbin
configure:5589: result: no
configure:5559: checking for arm-buildroot-linux-gnueabihf-link
configure:5589: result: no
configure:5603: checking for dumpbin
configure:5633: result: no
configure:5603: checking for link
configure:5619: found /usr/bin/link
configure:5630: result: link -dump
configure:5675: checking the name lister (nm) interface
configure:5682: /home/test/workspace/sam_audio/buildroot2/output/host/usr/bin/arm-linux-gnueabi-gcc -c -D_LARGEFILE_SOURCE -D_LARGEFILE64_SOURCE -D_FILE_OFFSET_BITS=64   -Os  -D_LARGEFILE_SOURCE -D_LARGEFILE64_SOURCE -D_FILE_OFFSET_BITS=64 conftest.c >&5
configure:5685: nm "conftest.o"
configure:5688: output
00000000 b $d
00000000 B some_variable
configure:5695: result: BSD nm
configure:5699: checking the maximum length of command line arguments
configure:5830: result: 1572864
configure:5878: checking how to convert x86_64-unknown-linux-gnu file names to arm-buildroot-linux-gnueabihf format
configure:5918: result: func_convert_file_noop
configure:5925: checking how to convert x86_64-unknown-linux-gnu file names to toolchain format
configure:5945: result: func_convert_file_noop
configure:5952: checking for /opt/analog/cces-linux-add-in/1.3.1/ARM/arm-linux-gnueabi/arm-linux-gnueabi/bin/ld option to reload object files
configure:5959: result: -r
configure:5993: checking for arm-buildroot-linux-gnueabihf-objdump
configure:6023: result: no
configure:6033: checking for objdump
configure:6049: found /usr/bin/objdump
configure:6060: result: objdump
configure:6092: checking how to recognize dependent libraries
configure:6292: result: pass_all
configure:6337: checking for arm-buildroot-linux-gnueabihf-dlltool
configure:6367: result: no
configure:6377: checking for dlltool
configure:6407: result: no
configure:6437: checking how to associate runtime and link libraries
configure:6464: result: printf %s\n
configure:6481: checking for arm-buildroot-linux-gnueabihf-ar
configure:6511: result: no
configure:6525: checking for ar
configure:6541: found /usr/bin/ar
configure:6552: result: ar
configure:6589: checking for archiver @FILE support
configure:6606: /home/test/workspace/sam_audio/buildroot2/output/host/usr/bin/arm-linux-gnueabi-gcc -c -D_LARGEFILE_SOURCE -D_LARGEFILE64_SOURCE -D_FILE_OFFSET_BITS=64   -Os  -D_LARGEFILE_SOURCE -D_LARGEFILE64_SOURCE -D_FILE_OFFSET_BITS=64 conftest.c >&5
configure:6606: $? = 0
configure:6609: ar cru libconftest.a @conftest.lst >&5
ar: `u' modifier ignored since `D' is the default (see `U')
configure:6612: $? = 0
configure:6617: ar cru libconftest.a @conftest.lst >&5
ar: `u' modifier ignored since `D' is the default (see `U')
ar: conftest.o: No such file or directory
configure:6620: $? = 1
configure:6632: result: @
configure:6650: checking for arm-buildroot-linux-gnueabihf-strip
configure:6677: result: strip
configure:6749: checking for arm-buildroot-linux-gnueabihf-ranlib
configure:6776: result: ranlib
configure:6918: checking command to parse nm output from /home/test/workspace/sam_audio/buildroot2/output/host/usr/bin/arm-linux-gnueabi-gcc object
configure:7071: /home/test/workspace/sam_audio/buildroot2/output/host/usr/bin/arm-linux-gnueabi-gcc -c -D_LARGEFILE_SOURCE -D_LARGEFILE64_SOURCE -D_FILE_OFFSET_BITS=64   -Os  -D_LARGEFILE_SOURCE -D_LARGEFILE64_SOURCE -D_FILE_OFFSET_BITS=64 conftest.c >&5
configure:7074: $? = 0
configure:7078: nm conftest.o \| sed -n -e 's/^.*[ ]\([ABCDGIRSTW][ABCDGIRSTW]*\)[ ][ ]*\([_A-Za-z][_A-Za-z0-9]*\)$/\1 \2 \2/p' | sed '/ __gnu_lto/d' \> conftest.nm
configure:7081: $? = 0
configure:7147: /home/test/workspace/sam_audio/buildroot2/output/host/usr/bin/arm-linux-gnueabi-gcc -o conftest -D_LARGEFILE_SOURCE -D_LARGEFILE64_SOURCE -D_FILE_OFFSET_BITS=64   -Os  -D_LARGEFILE_SOURCE -D_LARGEFILE64_SOURCE -D_FILE_OFFSET_BITS=64  conftest.c conftstm.o >&5
configure:7150: $? = 0
configure:7188: result: ok
configure:7235: checking for sysroot
configure:7265: result: no
configure:7272: checking for a working dd
configure:7310: result: /bin/dd
configure:7314: checking how to truncate binary pipes
configure:7329: result: /bin/dd bs=4096 count=1
configure:7618: checking for arm-buildroot-linux-gnueabihf-mt
configure:7648: result: no
configure:7658: checking for mt
configure:7674: found /bin/mt
configure:7685: result: mt
configure:7708: checking if mt is a manifest tool
configure:7714: mt '-?'
configure:7722: result: no
configure:8395: checking for ANSI C header files
configure:8415: /home/test/workspace/sam_audio/buildroot2/output/host/usr/bin/arm-linux-gnueabi-gcc -c -D_LARGEFILE_SOURCE -D_LARGEFILE64_SOURCE -D_FILE_OFFSET_BITS=64   -Os  -D_LARGEFILE_SOURCE -D_LARGEFILE64_SOURCE -D_FILE_OFFSET_BITS=64 conftest.c >&5
configure:8415: $? = 0
configure:8499: result: yes
configure:8512: checking for sys/types.h
configure:8512: /home/test/workspace/sam_audio/buildroot2/output/host/usr/bin/arm-linux-gnueabi-gcc -c -D_LARGEFILE_SOURCE -D_LARGEFILE64_SOURCE -D_FILE_OFFSET_BITS=64   -Os  -D_LARGEFILE_SOURCE -D_LARGEFILE64_SOURCE -D_FILE_OFFSET_BITS=64 conftest.c >&5
configure:8512: $? = 0
configure:8512: result: yes
configure:8512: checking for sys/stat.h
configure:8512: /home/test/workspace/sam_audio/buildroot2/output/host/usr/bin/arm-linux-gnueabi-gcc -c -D_LARGEFILE_SOURCE -D_LARGEFILE64_SOURCE -D_FILE_OFFSET_BITS=64   -Os  -D_LARGEFILE_SOURCE -D_LARGEFILE64_SOURCE -D_FILE_OFFSET_BITS=64 conftest.c >&5
configure:8512: $? = 0
configure:8512: result: yes
configure:8512: checking for stdlib.h
configure:8512: /home/test/workspace/sam_audio/buildroot2/output/host/usr/bin/arm-linux-gnueabi-gcc -c -D_LARGEFILE_SOURCE -D_LARGEFILE64_SOURCE -D_FILE_OFFSET_BITS=64   -Os  -D_LARGEFILE_SOURCE -D_LARGEFILE64_SOURCE -D_FILE_OFFSET_BITS=64 conftest.c >&5
configure:8512: $? = 0
configure:8512: result: yes
configure:8512: checking for string.h
configure:8512: /home/test/workspace/sam_audio/buildroot2/output/host/usr/bin/arm-linux-gnueabi-gcc -c -D_LARGEFILE_SOURCE -D_LARGEFILE64_SOURCE -D_FILE_OFFSET_BITS=64   -Os  -D_LARGEFILE_SOURCE -D_LARGEFILE64_SOURCE -D_FILE_OFFSET_BITS=64 conftest.c >&5
configure:8512: $? = 0
configure:8512: result: yes
configure:8512: checking for memory.h
configure:8512: /home/test/workspace/sam_audio/buildroot2/output/host/usr/bin/arm-linux-gnueabi-gcc -c -D_LARGEFILE_SOURCE -D_LARGEFILE64_SOURCE -D_FILE_OFFSET_BITS=64   -Os  -D_LARGEFILE_SOURCE -D_LARGEFILE64_SOURCE -D_FILE_OFFSET_BITS=64 conftest.c >&5
configure:8512: $? = 0
configure:8512: result: yes
configure:8512: checking for strings.h
configure:8512: /home/test/workspace/sam_audio/buildroot2/output/host/usr/bin/arm-linux-gnueabi-gcc -c -D_LARGEFILE_SOURCE -D_LARGEFILE64_SOURCE -D_FILE_OFFSET_BITS=64   -Os  -D_LARGEFILE_SOURCE -D_LARGEFILE64_SOURCE -D_FILE_OFFSET_BITS=64 conftest.c >&5
configure:8512: $? = 0
configure:8512: result: yes
configure:8512: checking for inttypes.h
configure:8512: /home/test/workspace/sam_audio/buildroot2/output/host/usr/bin/arm-linux-gnueabi-gcc -c -D_LARGEFILE_SOURCE -D_LARGEFILE64_SOURCE -D_FILE_OFFSET_BITS=64   -Os  -D_LARGEFILE_SOURCE -D_LARGEFILE64_SOURCE -D_FILE_OFFSET_BITS=64 conftest.c >&5
configure:8512: $? = 0
configure:8512: result: yes
configure:8512: checking for stdint.h
configure:8512: /home/test/workspace/sam_audio/buildroot2/output/host/usr/bin/arm-linux-gnueabi-gcc -c -D_LARGEFILE_SOURCE -D_LARGEFILE64_SOURCE -D_FILE_OFFSET_BITS=64   -Os  -D_LARGEFILE_SOURCE -D_LARGEFILE64_SOURCE -D_FILE_OFFSET_BITS=64 conftest.c >&5
configure:8512: $? = 0
configure:8512: result: yes
configure:8512: checking for unistd.h
configure:8512: /home/test/workspace/sam_audio/buildroot2/output/host/usr/bin/arm-linux-gnueabi-gcc -c -D_LARGEFILE_SOURCE -D_LARGEFILE64_SOURCE -D_FILE_OFFSET_BITS=64   -Os  -D_LARGEFILE_SOURCE -D_LARGEFILE64_SOURCE -D_FILE_OFFSET_BITS=64 conftest.c >&5
configure:8512: $? = 0
configure:8512: result: yes
configure:8526: checking for dlfcn.h
configure:8526: /home/test/workspace/sam_audio/buildroot2/output/host/usr/bin/arm-linux-gnueabi-gcc -c -D_LARGEFILE_SOURCE -D_LARGEFILE64_SOURCE -D_FILE_OFFSET_BITS=64   -Os  -D_LARGEFILE_SOURCE -D_LARGEFILE64_SOURCE -D_FILE_OFFSET_BITS=64 conftest.c >&5
configure:8526: $? = 0
configure:8526: result: yes
configure:8793: checking for objdir
configure:8808: result: .libs
configure:9068: checking if /home/test/workspace/sam_audio/buildroot2/output/host/usr/bin/arm-linux-gnueabi-gcc supports -fno-rtti -fno-exceptions
configure:9086: /home/test/workspace/sam_audio/buildroot2/output/host/usr/bin/arm-linux-gnueabi-gcc -c -D_LARGEFILE_SOURCE -D_LARGEFILE64_SOURCE -D_FILE_OFFSET_BITS=64   -Os  -D_LARGEFILE_SOURCE -D_LARGEFILE64_SOURCE -D_FILE_OFFSET_BITS=64 -fno-rtti -fno-exceptions conftest.c >&5
cc1: warning: command line option '-fno-rtti' is valid for C++/ObjC++ but not for C [enabled by default]
configure:9090: $? = 0
configure:9103: result: no
configure:9461: checking for /home/test/workspace/sam_audio/buildroot2/output/host/usr/bin/arm-linux-gnueabi-gcc option to produce PIC
configure:9468: result: -fPIC -DPIC
configure:9476: checking if /home/test/workspace/sam_audio/buildroot2/output/host/usr/bin/arm-linux-gnueabi-gcc PIC flag -fPIC -DPIC works
configure:9494: /home/test/workspace/sam_audio/buildroot2/output/host/usr/bin/arm-linux-gnueabi-gcc -c -D_LARGEFILE_SOURCE -D_LARGEFILE64_SOURCE -D_FILE_OFFSET_BITS=64   -Os  -D_LARGEFILE_SOURCE -D_LARGEFILE64_SOURCE -D_FILE_OFFSET_BITS=64 -fPIC -DPIC -DPIC conftest.c >&5
configure:9498: $? = 0
configure:9511: result: yes
configure:9540: checking if /home/test/workspace/sam_audio/buildroot2/output/host/usr/bin/arm-linux-gnueabi-gcc static flag -static works
configure:9568: result: yes
configure:9583: checking if /home/test/workspace/sam_audio/buildroot2/output/host/usr/bin/arm-linux-gnueabi-gcc supports -c -o file.o
configure:9604: /home/test/workspace/sam_audio/buildroot2/output/host/usr/bin/arm-linux-gnueabi-gcc -c -D_LARGEFILE_SOURCE -D_LARGEFILE64_SOURCE -D_FILE_OFFSET_BITS=64   -Os  -D_LARGEFILE_SOURCE -D_LARGEFILE64_SOURCE -D_FILE_OFFSET_BITS=64 -o out/conftest2.o conftest.c >&5
configure:9608: $? = 0
configure:9630: result: yes
configure:9638: checking if /home/test/workspace/sam_audio/buildroot2/output/host/usr/bin/arm-linux-gnueabi-gcc supports -c -o file.o
configure:9685: result: yes
configure:9718: checking whether the /home/test/workspace/sam_audio/buildroot2/output/host/usr/bin/arm-linux-gnueabi-gcc linker (/opt/analog/cces-linux-add-in/1.3.1/ARM/arm-linux-gnueabi/arm-linux-gnueabi/bin/ld) supports shared libraries
configure:10981: result: yes
configure:11018: checking whether -lc should be explicitly linked in
configure:11026: /home/test/workspace/sam_audio/buildroot2/output/host/usr/bin/arm-linux-gnueabi-gcc -c -D_LARGEFILE_SOURCE -D_LARGEFILE64_SOURCE -D_FILE_OFFSET_BITS=64   -Os  -D_LARGEFILE_SOURCE -D_LARGEFILE64_SOURCE -D_FILE_OFFSET_BITS=64 conftest.c >&5
configure:11029: $? = 0
configure:11044: /home/test/workspace/sam_audio/buildroot2/output/host/usr/bin/arm-linux-gnueabi-gcc -shared  -fPIC -DPIC conftest.o  -v -Wl,-soname -Wl,conftest -o conftest 2\>\&1 \| /bin/grep  -lc  \>/dev/null 2\>\&1
configure:11047: $? = 0
configure:11061: result: no
configure:11221: checking dynamic linker characteristics
configure:11802: /home/test/workspace/sam_audio/buildroot2/output/host/usr/bin/arm-linux-gnueabi-gcc -o conftest -D_LARGEFILE_SOURCE -D_LARGEFILE64_SOURCE -D_FILE_OFFSET_BITS=64   -Os  -D_LARGEFILE_SOURCE -D_LARGEFILE64_SOURCE -D_FILE_OFFSET_BITS=64  -Wl,-rpath -Wl,/foo conftest.c  >&5
configure:11802: $? = 0
configure:12051: result: GNU/Linux ld.so
configure:12173: checking how to hardcode library paths into programs
configure:12198: result: immediate
configure:12746: checking whether stripping libraries is possible
configure:12751: result: yes
configure:12786: checking if libtool supports shared libraries
configure:12788: result: yes
configure:12791: checking whether to build shared libraries
configure:12816: result: yes
configure:12819: checking whether to build static libraries
configure:12823: result: no
configure:12846: checking how to run the C++ preprocessor
configure:12873: /home/test/workspace/sam_audio/buildroot2/output/host/usr/bin/arm-linux-gnueabi-g++ -E -D_LARGEFILE_SOURCE -D_LARGEFILE64_SOURCE -D_FILE_OFFSET_BITS=64 conftest.cpp
configure:12873: $? = 0
configure:12887: /home/test/workspace/sam_audio/buildroot2/output/host/usr/bin/arm-linux-gnueabi-g++ -E -D_LARGEFILE_SOURCE -D_LARGEFILE64_SOURCE -D_FILE_OFFSET_BITS=64 conftest.cpp
conftest.cpp:23:28: fatal error: ac_nonexistent.h: No such file or directory
 #include <ac_nonexistent.h>
                            ^
compilation terminated.
configure:12887: $? = 1
configure: failed program was:
| /* confdefs.h */
| #define PACKAGE_NAME "libdsp"
| #define PACKAGE_TARNAME "libdsp"
| #define PACKAGE_VERSION "0.0.1"
| #define PACKAGE_STRING "libdsp 0.0.1"
| #define PACKAGE_BUGREPORT "processor.tools.support@analog.com"
| #define PACKAGE_URL ""
| #define PACKAGE "libdsp"
| #define VERSION "0.0.1"
| #define STDC_HEADERS 1
| #define HAVE_SYS_TYPES_H 1
| #define HAVE_SYS_STAT_H 1
| #define HAVE_STDLIB_H 1
| #define HAVE_STRING_H 1
| #define HAVE_MEMORY_H 1
| #define HAVE_STRINGS_H 1
| #define HAVE_INTTYPES_H 1
| #define HAVE_STDINT_H 1
| #define HAVE_UNISTD_H 1
| #define HAVE_DLFCN_H 1
| #define LT_OBJDIR ".libs/"
| /* end confdefs.h.  */
| #include <ac_nonexistent.h>
configure:12912: result: /home/test/workspace/sam_audio/buildroot2/output/host/usr/bin/arm-linux-gnueabi-g++ -E
configure:12932: /home/test/workspace/sam_audio/buildroot2/output/host/usr/bin/arm-linux-gnueabi-g++ -E -D_LARGEFILE_SOURCE -D_LARGEFILE64_SOURCE -D_FILE_OFFSET_BITS=64 conftest.cpp
configure:12932: $? = 0
configure:12946: /home/test/workspace/sam_audio/buildroot2/output/host/usr/bin/arm-linux-gnueabi-g++ -E -D_LARGEFILE_SOURCE -D_LARGEFILE64_SOURCE -D_FILE_OFFSET_BITS=64 conftest.cpp
conftest.cpp:23:28: fatal error: ac_nonexistent.h: No such file or directory
 #include <ac_nonexistent.h>
                            ^
compilation terminated.
configure:12946: $? = 1
configure: failed program was:
| /* confdefs.h */
| #define PACKAGE_NAME "libdsp"
| #define PACKAGE_TARNAME "libdsp"
| #define PACKAGE_VERSION "0.0.1"
| #define PACKAGE_STRING "libdsp 0.0.1"
| #define PACKAGE_BUGREPORT "processor.tools.support@analog.com"
| #define PACKAGE_URL ""
| #define PACKAGE "libdsp"
| #define VERSION "0.0.1"
| #define STDC_HEADERS 1
| #define HAVE_SYS_TYPES_H 1
| #define HAVE_SYS_STAT_H 1
| #define HAVE_STDLIB_H 1
| #define HAVE_STRING_H 1
| #define HAVE_MEMORY_H 1
| #define HAVE_STRINGS_H 1
| #define HAVE_INTTYPES_H 1
| #define HAVE_STDINT_H 1
| #define HAVE_UNISTD_H 1
| #define HAVE_DLFCN_H 1
| #define LT_OBJDIR ".libs/"
| /* end confdefs.h.  */
| #include <ac_nonexistent.h>
configure:13108: checking for ld used by /home/test/workspace/sam_audio/buildroot2/output/host/usr/bin/arm-linux-gnueabi-g++
configure:13175: result: /opt/analog/cces-linux-add-in/1.3.1/ARM/arm-linux-gnueabi/arm-linux-gnueabi/bin/ld
configure:13182: checking if the linker (/opt/analog/cces-linux-add-in/1.3.1/ARM/arm-linux-gnueabi/arm-linux-gnueabi/bin/ld) is GNU ld
configure:13197: result: yes
configure:13252: checking whether the /home/test/workspace/sam_audio/buildroot2/output/host/usr/bin/arm-linux-gnueabi-g++ linker (/opt/analog/cces-linux-add-in/1.3.1/ARM/arm-linux-gnueabi/arm-linux-gnueabi/bin/ld) supports shared libraries
configure:14325: result: yes
configure:14361: /home/test/workspace/sam_audio/buildroot2/output/host/usr/bin/arm-linux-gnueabi-g++ -c -D_LARGEFILE_SOURCE -D_LARGEFILE64_SOURCE -D_FILE_OFFSET_BITS=64   -Os  -D_LARGEFILE_SOURCE -D_LARGEFILE64_SOURCE -D_FILE_OFFSET_BITS=64 conftest.cpp >&5
configure:14364: $? = 0
configure:14845: checking for /home/test/workspace/sam_audio/buildroot2/output/host/usr/bin/arm-linux-gnueabi-g++ option to produce PIC
configure:14852: result: -fPIC -DPIC
configure:14860: checking if /home/test/workspace/sam_audio/buildroot2/output/host/usr/bin/arm-linux-gnueabi-g++ PIC flag -fPIC -DPIC works
configure:14878: /home/test/workspace/sam_audio/buildroot2/output/host/usr/bin/arm-linux-gnueabi-g++ -c -D_LARGEFILE_SOURCE -D_LARGEFILE64_SOURCE -D_FILE_OFFSET_BITS=64   -Os  -D_LARGEFILE_SOURCE -D_LARGEFILE64_SOURCE -D_FILE_OFFSET_BITS=64 -fPIC -DPIC -DPIC conftest.cpp >&5
configure:14882: $? = 0
configure:14895: result: yes
configure:14918: checking if /home/test/workspace/sam_audio/buildroot2/output/host/usr/bin/arm-linux-gnueabi-g++ static flag -static works
configure:14946: result: yes
configure:14958: checking if /home/test/workspace/sam_audio/buildroot2/output/host/usr/bin/arm-linux-gnueabi-g++ supports -c -o file.o
configure:14979: /home/test/workspace/sam_audio/buildroot2/output/host/usr/bin/arm-linux-gnueabi-g++ -c -D_LARGEFILE_SOURCE -D_LARGEFILE64_SOURCE -D_FILE_OFFSET_BITS=64   -Os  -D_LARGEFILE_SOURCE -D_LARGEFILE64_SOURCE -D_FILE_OFFSET_BITS=64 -o out/conftest2.o conftest.cpp >&5
configure:14983: $? = 0
configure:15005: result: yes
configure:15010: checking if /home/test/workspace/sam_audio/buildroot2/output/host/usr/bin/arm-linux-gnueabi-g++ supports -c -o file.o
configure:15057: result: yes
configure:15087: checking whether the /home/test/workspace/sam_audio/buildroot2/output/host/usr/bin/arm-linux-gnueabi-g++ linker (/opt/analog/cces-linux-add-in/1.3.1/ARM/arm-linux-gnueabi/arm-linux-gnueabi/bin/ld) supports shared libraries
configure:15130: result: yes
configure:15271: checking dynamic linker characteristics
configure:16028: result: GNU/Linux ld.so
configure:16093: checking how to hardcode library paths into programs
configure:16118: result: immediate
configure:16182: checking for snd_ctl_open in -lasound
configure:16207: /home/test/workspace/sam_audio/buildroot2/output/host/usr/bin/arm-linux-gnueabi-gcc -o conftest -D_LARGEFILE_SOURCE -D_LARGEFILE64_SOURCE -D_FILE_OFFSET_BITS=64   -Os  -D_LARGEFILE_SOURCE -D_LARGEFILE64_SOURCE -D_FILE_OFFSET_BITS=64  conftest.c -lasound  -lasound -llo -lmcapi -lxml2 >&5
configure:16207: $? = 0
configure:16216: result: yes
configure:16227: checking for lo_send in -llo
configure:16252: /home/test/workspace/sam_audio/buildroot2/output/host/usr/bin/arm-linux-gnueabi-gcc -o conftest -D_LARGEFILE_SOURCE -D_LARGEFILE64_SOURCE -D_FILE_OFFSET_BITS=64   -Os  -D_LARGEFILE_SOURCE -D_LARGEFILE64_SOURCE -D_FILE_OFFSET_BITS=64  conftest.c -llo  -lasound -lasound -llo -lmcapi -lxml2 >&5
/tmp/cc7QmFxm.o: In function `main':
conftest.c:(.text.startup+0x4): undefined reference to `lo_send'
collect2: error: ld returned 1 exit status
configure:16252: $? = 1
configure: failed program was:
| /* confdefs.h */
| #define PACKAGE_NAME "libdsp"
| #define PACKAGE_TARNAME "libdsp"
| #define PACKAGE_VERSION "0.0.1"
| #define PACKAGE_STRING "libdsp 0.0.1"
| #define PACKAGE_BUGREPORT "processor.tools.support@analog.com"
| #define PACKAGE_URL ""
| #define PACKAGE "libdsp"
| #define VERSION "0.0.1"
| #define STDC_HEADERS 1
| #define HAVE_SYS_TYPES_H 1
| #define HAVE_SYS_STAT_H 1
| #define HAVE_STDLIB_H 1
| #define HAVE_STRING_H 1
| #define HAVE_MEMORY_H 1
| #define HAVE_STRINGS_H 1
| #define HAVE_INTTYPES_H 1
| #define HAVE_STDINT_H 1
| #define HAVE_UNISTD_H 1
| #define HAVE_DLFCN_H 1
| #define LT_OBJDIR ".libs/"
| #define HAVE_LIBASOUND 1
| /* end confdefs.h.  */
| 
| /* Override any GCC internal prototype to avoid an error.
|    Use char because int might match the return type of a GCC
|    builtin and then its argument prototype would still apply.  */
| #ifdef __cplusplus
| extern "C"
| #endif
| char lo_send ();
| int
| main ()
| {
| return lo_send ();
|   ;
|   return 0;
| }
configure:16261: result: no
configure:16272: checking for mcapi_initialize in -lmcapi
configure:16297: /home/test/workspace/sam_audio/buildroot2/output/host/usr/bin/arm-linux-gnueabi-gcc -o conftest -D_LARGEFILE_SOURCE -D_LARGEFILE64_SOURCE -D_FILE_OFFSET_BITS=64   -Os  -D_LARGEFILE_SOURCE -D_LARGEFILE64_SOURCE -D_FILE_OFFSET_BITS=64  conftest.c -lmcapi  -lasound -lasound -llo -lmcapi -lxml2 >&5
configure:16297: $? = 0
configure:16306: result: yes
configure:16317: checking for xmlReadFile in -lxml2
configure:16342: /home/test/workspace/sam_audio/buildroot2/output/host/usr/bin/arm-linux-gnueabi-gcc -o conftest -D_LARGEFILE_SOURCE -D_LARGEFILE64_SOURCE -D_FILE_OFFSET_BITS=64   -Os  -D_LARGEFILE_SOURCE -D_LARGEFILE64_SOURCE -D_FILE_OFFSET_BITS=64  conftest.c -lxml2  -lmcapi -lasound -lasound -llo -lmcapi -lxml2 >&5
configure:16342: $? = 0
configure:16351: result: yes
configure:16472: checking pkg-config is at least version 0.9.0
configure:16475: result: yes
configure:16485: checking for XML
configure:16492: $PKG_CONFIG --exists --print-errors "libxml-2.0 >= 2.4"
configure:16495: $? = 0
configure:16509: $PKG_CONFIG --exists --print-errors "libxml-2.0 >= 2.4"
configure:16512: $? = 0
configure:16570: result: yes
configure:16579: checking fcntl.h usability
configure:16579: /home/test/workspace/sam_audio/buildroot2/output/host/usr/bin/arm-linux-gnueabi-gcc -c -D_LARGEFILE_SOURCE -D_LARGEFILE64_SOURCE -D_FILE_OFFSET_BITS=64   -Os  -D_LARGEFILE_SOURCE -D_LARGEFILE64_SOURCE -D_FILE_OFFSET_BITS=64 conftest.c >&5
configure:16579: $? = 0
configure:16579: result: yes
configure:16579: checking fcntl.h presence
configure:16579: /home/test/workspace/sam_audio/buildroot2/output/host/usr/bin/arm-linux-gnueabi-cpp -D_LARGEFILE_SOURCE -D_LARGEFILE64_SOURCE -D_FILE_OFFSET_BITS=64 conftest.c
configure:16579: $? = 0
configure:16579: result: yes
configure:16579: checking for fcntl.h
configure:16579: result: yes
configure:16579: checking for stdlib.h
configure:16579: result: yes
configure:16579: checking for string.h
configure:16579: result: yes
configure:16579: checking for unistd.h
configure:16579: result: yes
configure:16591: checking for int32_t
configure:16591: /home/test/workspace/sam_audio/buildroot2/output/host/usr/bin/arm-linux-gnueabi-gcc -c -D_LARGEFILE_SOURCE -D_LARGEFILE64_SOURCE -D_FILE_OFFSET_BITS=64   -Os  -D_LARGEFILE_SOURCE -D_LARGEFILE64_SOURCE -D_FILE_OFFSET_BITS=64 conftest.c >&5
configure:16591: $? = 0
configure:16591: /home/test/workspace/sam_audio/buildroot2/output/host/usr/bin/arm-linux-gnueabi-gcc -c -D_LARGEFILE_SOURCE -D_LARGEFILE64_SOURCE -D_FILE_OFFSET_BITS=64   -Os  -D_LARGEFILE_SOURCE -D_LARGEFILE64_SOURCE -D_FILE_OFFSET_BITS=64 conftest.c >&5
conftest.c: In function 'main':
conftest.c:68:53: warning: integer overflow in expression [-Woverflow]
    < (int32_t) (((((int32_t) 1 << N) << N) - 1) * 2 + 2))];
                                                     ^
conftest.c:67:12: error: storage size of 'test_array' isn't constant
 static int test_array [1 - 2 * !((int32_t) (((((int32_t) 1 << N) << N) - 1) * 2 + 1)
            ^
configure:16591: $? = 1
configure: failed program was:
| /* confdefs.h */
| #define PACKAGE_NAME "libdsp"
| #define PACKAGE_TARNAME "libdsp"
| #define PACKAGE_VERSION "0.0.1"
| #define PACKAGE_STRING "libdsp 0.0.1"
| #define PACKAGE_BUGREPORT "processor.tools.support@analog.com"
| #define PACKAGE_URL ""
| #define PACKAGE "libdsp"
| #define VERSION "0.0.1"
| #define STDC_HEADERS 1
| #define HAVE_SYS_TYPES_H 1
| #define HAVE_SYS_STAT_H 1
| #define HAVE_STDLIB_H 1
| #define HAVE_STRING_H 1
| #define HAVE_MEMORY_H 1
| #define HAVE_STRINGS_H 1
| #define HAVE_INTTYPES_H 1
| #define HAVE_STDINT_H 1
| #define HAVE_UNISTD_H 1
| #define HAVE_DLFCN_H 1
| #define LT_OBJDIR ".libs/"
| #define HAVE_LIBASOUND 1
| #define HAVE_LIBMCAPI 1
| #define HAVE_LIBXML2 1
| #define HAVE_FCNTL_H 1
| #define HAVE_STDLIB_H 1
| #define HAVE_STRING_H 1
| #define HAVE_UNISTD_H 1
| /* end confdefs.h.  */
| #include <stdio.h>
| #ifdef HAVE_SYS_TYPES_H
| # include <sys/types.h>
| #endif
| #ifdef HAVE_SYS_STAT_H
| # include <sys/stat.h>
| #endif
| #ifdef STDC_HEADERS
| # include <stdlib.h>
| # include <stddef.h>
| #else
| # ifdef HAVE_STDLIB_H
| #  include <stdlib.h>
| # endif
| #endif
| #ifdef HAVE_STRING_H
| # if !defined STDC_HEADERS && defined HAVE_MEMORY_H
| #  include <memory.h>
| # endif
| # include <string.h>
| #endif
| #ifdef HAVE_STRINGS_H
| # include <strings.h>
| #endif
| #ifdef HAVE_INTTYPES_H
| # include <inttypes.h>
| #endif
| #ifdef HAVE_STDINT_H
| # include <stdint.h>
| #endif
| #ifdef HAVE_UNISTD_H
| # include <unistd.h>
| #endif
| 	        enum { N = 32 / 2 - 1 };
| int
| main ()
| {
| static int test_array [1 - 2 * !((int32_t) (((((int32_t) 1 << N) << N) - 1) * 2 + 1)
| 		 < (int32_t) (((((int32_t) 1 << N) << N) - 1) * 2 + 2))];
| test_array [0] = 0;
| return test_array [0];
| 
|   ;
|   return 0;
| }
configure:16591: result: yes
configure:16602: checking for int64_t
configure:16602: /home/test/workspace/sam_audio/buildroot2/output/host/usr/bin/arm-linux-gnueabi-gcc -c -D_LARGEFILE_SOURCE -D_LARGEFILE64_SOURCE -D_FILE_OFFSET_BITS=64   -Os  -D_LARGEFILE_SOURCE -D_LARGEFILE64_SOURCE -D_FILE_OFFSET_BITS=64 conftest.c >&5
configure:16602: $? = 0
configure:16602: /home/test/workspace/sam_audio/buildroot2/output/host/usr/bin/arm-linux-gnueabi-gcc -c -D_LARGEFILE_SOURCE -D_LARGEFILE64_SOURCE -D_FILE_OFFSET_BITS=64   -Os  -D_LARGEFILE_SOURCE -D_LARGEFILE64_SOURCE -D_FILE_OFFSET_BITS=64 conftest.c >&5
conftest.c: In function 'main':
conftest.c:68:53: warning: integer overflow in expression [-Woverflow]
    < (int64_t) (((((int64_t) 1 << N) << N) - 1) * 2 + 2))];
                                                     ^
conftest.c:67:12: error: storage size of 'test_array' isn't constant
 static int test_array [1 - 2 * !((int64_t) (((((int64_t) 1 << N) << N) - 1) * 2 + 1)
            ^
configure:16602: $? = 1
configure: failed program was:
| /* confdefs.h */
| #define PACKAGE_NAME "libdsp"
| #define PACKAGE_TARNAME "libdsp"
| #define PACKAGE_VERSION "0.0.1"
| #define PACKAGE_STRING "libdsp 0.0.1"
| #define PACKAGE_BUGREPORT "processor.tools.support@analog.com"
| #define PACKAGE_URL ""
| #define PACKAGE "libdsp"
| #define VERSION "0.0.1"
| #define STDC_HEADERS 1
| #define HAVE_SYS_TYPES_H 1
| #define HAVE_SYS_STAT_H 1
| #define HAVE_STDLIB_H 1
| #define HAVE_STRING_H 1
| #define HAVE_MEMORY_H 1
| #define HAVE_STRINGS_H 1
| #define HAVE_INTTYPES_H 1
| #define HAVE_STDINT_H 1
| #define HAVE_UNISTD_H 1
| #define HAVE_DLFCN_H 1
| #define LT_OBJDIR ".libs/"
| #define HAVE_LIBASOUND 1
| #define HAVE_LIBMCAPI 1
| #define HAVE_LIBXML2 1
| #define HAVE_FCNTL_H 1
| #define HAVE_STDLIB_H 1
| #define HAVE_STRING_H 1
| #define HAVE_UNISTD_H 1
| /* end confdefs.h.  */
| #include <stdio.h>
| #ifdef HAVE_SYS_TYPES_H
| # include <sys/types.h>
| #endif
| #ifdef HAVE_SYS_STAT_H
| # include <sys/stat.h>
| #endif
| #ifdef STDC_HEADERS
| # include <stdlib.h>
| # include <stddef.h>
| #else
| # ifdef HAVE_STDLIB_H
| #  include <stdlib.h>
| # endif
| #endif
| #ifdef HAVE_STRING_H
| # if !defined STDC_HEADERS && defined HAVE_MEMORY_H
| #  include <memory.h>
| # endif
| # include <string.h>
| #endif
| #ifdef HAVE_STRINGS_H
| # include <strings.h>
| #endif
| #ifdef HAVE_INTTYPES_H
| # include <inttypes.h>
| #endif
| #ifdef HAVE_STDINT_H
| # include <stdint.h>
| #endif
| #ifdef HAVE_UNISTD_H
| # include <unistd.h>
| #endif
| 	        enum { N = 64 / 2 - 1 };
| int
| main ()
| {
| static int test_array [1 - 2 * !((int64_t) (((((int64_t) 1 << N) << N) - 1) * 2 + 1)
| 		 < (int64_t) (((((int64_t) 1 << N) << N) - 1) * 2 + 2))];
| test_array [0] = 0;
| return test_array [0];
| 
|   ;
|   return 0;
| }
configure:16602: result: yes
configure:16613: checking for size_t
configure:16613: /home/test/workspace/sam_audio/buildroot2/output/host/usr/bin/arm-linux-gnueabi-gcc -c -D_LARGEFILE_SOURCE -D_LARGEFILE64_SOURCE -D_FILE_OFFSET_BITS=64   -Os  -D_LARGEFILE_SOURCE -D_LARGEFILE64_SOURCE -D_FILE_OFFSET_BITS=64 conftest.c >&5
configure:16613: $? = 0
configure:16613: /home/test/workspace/sam_audio/buildroot2/output/host/usr/bin/arm-linux-gnueabi-gcc -c -D_LARGEFILE_SOURCE -D_LARGEFILE64_SOURCE -D_FILE_OFFSET_BITS=64   -Os  -D_LARGEFILE_SOURCE -D_LARGEFILE64_SOURCE -D_FILE_OFFSET_BITS=64 conftest.c >&5
conftest.c: In function 'main':
conftest.c:66:21: error: expected expression before ')' token
 if (sizeof ((size_t)))
                     ^
configure:16613: $? = 1
configure: failed program was:
| /* confdefs.h */
| #define PACKAGE_NAME "libdsp"
| #define PACKAGE_TARNAME "libdsp"
| #define PACKAGE_VERSION "0.0.1"
| #define PACKAGE_STRING "libdsp 0.0.1"
| #define PACKAGE_BUGREPORT "processor.tools.support@analog.com"
| #define PACKAGE_URL ""
| #define PACKAGE "libdsp"
| #define VERSION "0.0.1"
| #define STDC_HEADERS 1
| #define HAVE_SYS_TYPES_H 1
| #define HAVE_SYS_STAT_H 1
| #define HAVE_STDLIB_H 1
| #define HAVE_STRING_H 1
| #define HAVE_MEMORY_H 1
| #define HAVE_STRINGS_H 1
| #define HAVE_INTTYPES_H 1
| #define HAVE_STDINT_H 1
| #define HAVE_UNISTD_H 1
| #define HAVE_DLFCN_H 1
| #define LT_OBJDIR ".libs/"
| #define HAVE_LIBASOUND 1
| #define HAVE_LIBMCAPI 1
| #define HAVE_LIBXML2 1
| #define HAVE_FCNTL_H 1
| #define HAVE_STDLIB_H 1
| #define HAVE_STRING_H 1
| #define HAVE_UNISTD_H 1
| /* end confdefs.h.  */
| #include <stdio.h>
| #ifdef HAVE_SYS_TYPES_H
| # include <sys/types.h>
| #endif
| #ifdef HAVE_SYS_STAT_H
| # include <sys/stat.h>
| #endif
| #ifdef STDC_HEADERS
| # include <stdlib.h>
| # include <stddef.h>
| #else
| # ifdef HAVE_STDLIB_H
| #  include <stdlib.h>
| # endif
| #endif
| #ifdef HAVE_STRING_H
| # if !defined STDC_HEADERS && defined HAVE_MEMORY_H
| #  include <memory.h>
| # endif
| # include <string.h>
| #endif
| #ifdef HAVE_STRINGS_H
| # include <strings.h>
| #endif
| #ifdef HAVE_INTTYPES_H
| # include <inttypes.h>
| #endif
| #ifdef HAVE_STDINT_H
| # include <stdint.h>
| #endif
| #ifdef HAVE_UNISTD_H
| # include <unistd.h>
| #endif
| int
| main ()
| {
| if (sizeof ((size_t)))
| 	    return 0;
|   ;
|   return 0;
| }
configure:16613: result: yes
configure:16624: checking for uint32_t
configure:16624: /home/test/workspace/sam_audio/buildroot2/output/host/usr/bin/arm-linux-gnueabi-gcc -c -D_LARGEFILE_SOURCE -D_LARGEFILE64_SOURCE -D_FILE_OFFSET_BITS=64   -Os  -D_LARGEFILE_SOURCE -D_LARGEFILE64_SOURCE -D_FILE_OFFSET_BITS=64 conftest.c >&5
configure:16624: $? = 0
configure:16624: result: yes
configure:16638: checking for uint64_t
configure:16638: /home/test/workspace/sam_audio/buildroot2/output/host/usr/bin/arm-linux-gnueabi-gcc -c -D_LARGEFILE_SOURCE -D_LARGEFILE64_SOURCE -D_FILE_OFFSET_BITS=64   -Os  -D_LARGEFILE_SOURCE -D_LARGEFILE64_SOURCE -D_FILE_OFFSET_BITS=64 conftest.c >&5
configure:16638: $? = 0
configure:16638: result: yes
configure:16654: checking for error_at_line
configure:16670: /home/test/workspace/sam_audio/buildroot2/output/host/usr/bin/arm-linux-gnueabi-gcc -o conftest -D_LARGEFILE_SOURCE -D_LARGEFILE64_SOURCE -D_FILE_OFFSET_BITS=64   -Os  -D_LARGEFILE_SOURCE -D_LARGEFILE64_SOURCE -D_FILE_OFFSET_BITS=64  conftest.c -lxml2 -lmcapi -lasound -lasound -llo -lmcapi -lxml2 >&5
configure:16670: $? = 0
configure:16678: result: yes
configure:16691: checking for stdlib.h
configure:16691: result: yes
configure:16701: checking for GNU libc compatible malloc
configure:16735: result: no
configure:16762: checking for stdlib.h
configure:16762: result: yes
configure:16762: checking for unistd.h
configure:16762: result: yes
configure:16762: checking for sys/param.h
configure:16762: /home/test/workspace/sam_audio/buildroot2/output/host/usr/bin/arm-linux-gnueabi-gcc -c -D_LARGEFILE_SOURCE -D_LARGEFILE64_SOURCE -D_FILE_OFFSET_BITS=64   -Os  -D_LARGEFILE_SOURCE -D_LARGEFILE64_SOURCE -D_FILE_OFFSET_BITS=64 conftest.c >&5
configure:16762: $? = 0
configure:16762: result: yes
configure:16782: checking for getpagesize
configure:16782: /home/test/workspace/sam_audio/buildroot2/output/host/usr/bin/arm-linux-gnueabi-gcc -o conftest -D_LARGEFILE_SOURCE -D_LARGEFILE64_SOURCE -D_FILE_OFFSET_BITS=64   -Os  -D_LARGEFILE_SOURCE -D_LARGEFILE64_SOURCE -D_FILE_OFFSET_BITS=64  conftest.c -lxml2 -lmcapi -lasound -lasound -llo -lmcapi -lxml2 >&5
configure:16782: $? = 0
configure:16782: result: yes
configure:16791: checking for working mmap
configure:16948: result: no
configure:16960: checking for munmap
configure:16960: /home/test/workspace/sam_audio/buildroot2/output/host/usr/bin/arm-linux-gnueabi-gcc -o conftest -D_LARGEFILE_SOURCE -D_LARGEFILE64_SOURCE -D_FILE_OFFSET_BITS=64   -Os  -D_LARGEFILE_SOURCE -D_LARGEFILE64_SOURCE -D_FILE_OFFSET_BITS=64  conftest.c -lxml2 -lmcapi -lasound -lasound -llo -lmcapi -lxml2 >&5
configure:16960: $? = 0
configure:16960: result: yes
configure:16960: checking for strstr
configure:16960: /home/test/workspace/sam_audio/buildroot2/output/host/usr/bin/arm-linux-gnueabi-gcc -o conftest -D_LARGEFILE_SOURCE -D_LARGEFILE64_SOURCE -D_FILE_OFFSET_BITS=64   -Os  -D_LARGEFILE_SOURCE -D_LARGEFILE64_SOURCE -D_FILE_OFFSET_BITS=64  conftest.c -lxml2 -lmcapi -lasound -lasound -llo -lmcapi -lxml2 >&5
conftest.c:61:6: warning: conflicting types for built-in function 'strstr' [enabled by default]
 char strstr ();
      ^
configure:16960: $? = 0
configure:16960: result: yes
configure:17081: checking that generated files are newer than configure
configure:17087: result: done
configure:17114: creating ./config.status
configure:19520: WARNING: unrecognized options: --disable-gtk-doc, --disable-gtk-doc-html, --disable-doc, --disable-docs, --disable-documentation, --with-xmlto, --with-fop, --enable-ipv6, --disable-debug

## ---------------- ##
## Cache variables. ##
## ---------------- ##

ac_cv_build=x86_64-unknown-linux-gnu
ac_cv_c_compiler_gnu=yes
ac_cv_c_int32_t=yes
ac_cv_c_int64_t=yes
ac_cv_c_uint32_t=yes
ac_cv_c_uint64_t=yes
ac_cv_cxx_compiler_gnu=yes
ac_cv_env_CCC_set=
ac_cv_env_CCC_value=
ac_cv_env_CC_set=set
ac_cv_env_CC_value=/home/test/workspace/sam_audio/buildroot2/output/host/usr/bin/arm-linux-gnueabi-gcc
ac_cv_env_CFLAGS_set=set
ac_cv_env_CFLAGS_value='-D_LARGEFILE_SOURCE -D_LARGEFILE64_SOURCE -D_FILE_OFFSET_BITS=64   -Os '
ac_cv_env_CPPFLAGS_set=set
ac_cv_env_CPPFLAGS_value='-D_LARGEFILE_SOURCE -D_LARGEFILE64_SOURCE -D_FILE_OFFSET_BITS=64'
ac_cv_env_CPP_set=set
ac_cv_env_CPP_value=/home/test/workspace/sam_audio/buildroot2/output/host/usr/bin/arm-linux-gnueabi-cpp
ac_cv_env_CXXCPP_set=
ac_cv_env_CXXCPP_value=
ac_cv_env_CXXFLAGS_set=set
ac_cv_env_CXXFLAGS_value='-D_LARGEFILE_SOURCE -D_LARGEFILE64_SOURCE -D_FILE_OFFSET_BITS=64   -Os '
ac_cv_env_CXX_set=set
ac_cv_env_CXX_value=/home/test/workspace/sam_audio/buildroot2/output/host/usr/bin/arm-linux-gnueabi-g++
ac_cv_env_LDFLAGS_set=set
ac_cv_env_LDFLAGS_value=
ac_cv_env_LIBS_set=
ac_cv_env_LIBS_value=
ac_cv_env_LT_SYS_LIBRARY_PATH_set=
ac_cv_env_LT_SYS_LIBRARY_PATH_value=
ac_cv_env_PKG_CONFIG_LIBDIR_set=
ac_cv_env_PKG_CONFIG_LIBDIR_value=
ac_cv_env_PKG_CONFIG_PATH_set=
ac_cv_env_PKG_CONFIG_PATH_value=
ac_cv_env_PKG_CONFIG_set=set
ac_cv_env_PKG_CONFIG_value=/home/test/workspace/sam_audio/buildroot2/output/host/usr/bin/pkg-config
ac_cv_env_XML_CFLAGS_set=
ac_cv_env_XML_CFLAGS_value=
ac_cv_env_XML_LIBS_set=
ac_cv_env_XML_LIBS_value=
ac_cv_env_build_alias_set=set
ac_cv_env_build_alias_value=x86_64-unknown-linux-gnu
ac_cv_env_host_alias_set=set
ac_cv_env_host_alias_value=arm-buildroot-linux-gnueabihf
ac_cv_env_target_alias_set=set
ac_cv_env_target_alias_value=arm-buildroot-linux-gnueabihf
ac_cv_func_getpagesize=yes
ac_cv_func_malloc_0_nonnull=no
ac_cv_func_mmap_fixed_mapped=no
ac_cv_func_munmap=yes
ac_cv_func_strstr=yes
ac_cv_header_dlfcn_h=yes
ac_cv_header_fcntl_h=yes
ac_cv_header_inttypes_h=yes
ac_cv_header_memory_h=yes
ac_cv_header_stdc=yes
ac_cv_header_stdint_h=yes
ac_cv_header_stdlib_h=yes
ac_cv_header_string_h=yes
ac_cv_header_strings_h=yes
ac_cv_header_sys_param_h=yes
ac_cv_header_sys_stat_h=yes
ac_cv_header_sys_types_h=yes
ac_cv_header_unistd_h=yes
ac_cv_host=arm-buildroot-linux-gnueabihf
ac_cv_lib_asound_snd_ctl_open=yes
ac_cv_lib_error_at_line=yes
ac_cv_lib_lo_lo_send=no
ac_cv_lib_mcapi_mcapi_initialize=yes
ac_cv_lib_xml2_xmlReadFile=yes
ac_cv_objext=o
ac_cv_path_EGREP='/bin/grep -E'
ac_cv_path_FGREP='/bin/grep -F'
ac_cv_path_GREP=/bin/grep
ac_cv_path_SED=/bin/sed
ac_cv_path_install='/usr/bin/install -c'
ac_cv_path_lt_DD=/bin/dd
ac_cv_path_mkdir=/bin/mkdir
ac_cv_prog_AWK=gawk
ac_cv_prog_CC=/home/test/workspace/sam_audio/buildroot2/output/host/usr/bin/arm-linux-gnueabi-gcc
ac_cv_prog_CPP=/home/test/workspace/sam_audio/buildroot2/output/host/usr/bin/arm-linux-gnueabi-cpp
ac_cv_prog_CXXCPP='/home/test/workspace/sam_audio/buildroot2/output/host/usr/bin/arm-linux-gnueabi-g++ -E'
ac_cv_prog_RANLIB=ranlib
ac_cv_prog_STRIP=strip
ac_cv_prog_ac_ct_AR=ar
ac_cv_prog_ac_ct_DUMPBIN='link -dump'
ac_cv_prog_ac_ct_MANIFEST_TOOL=mt
ac_cv_prog_ac_ct_OBJDUMP=objdump
ac_cv_prog_ac_ct_RANLIB=ranlib
ac_cv_prog_ac_ct_STRIP=strip
ac_cv_prog_cc_c89=
ac_cv_prog_cc_g=yes
ac_cv_prog_cxx_g=yes
ac_cv_prog_make_make_set=yes
ac_cv_type_size_t=yes
am_cv_CC_dependencies_compiler_type=none
am_cv_CXX_dependencies_compiler_type=none
am_cv_make_support_nested_variables=yes
am_cv_prog_cc_c_o=yes
lt_cv_ar_at_file=@
lt_cv_archive_cmds_need_lc=no
lt_cv_deplibs_check_method=pass_all
lt_cv_file_magic_cmd='$MAGIC_CMD'
lt_cv_file_magic_test_file=
lt_cv_ld_reload_flag=-r
lt_cv_nm_interface='BSD nm'
lt_cv_objdir=.libs
lt_cv_path_LD=/opt/analog/cces-linux-add-in/1.3.1/ARM/arm-linux-gnueabi/arm-linux-gnueabi/bin/ld
lt_cv_path_LDCXX=/opt/analog/cces-linux-add-in/1.3.1/ARM/arm-linux-gnueabi/arm-linux-gnueabi/bin/ld
lt_cv_path_NM=no
lt_cv_path_mainfest_tool=no
lt_cv_prog_compiler_c_o=yes
lt_cv_prog_compiler_c_o_CXX=yes
lt_cv_prog_compiler_pic='-fPIC -DPIC'
lt_cv_prog_compiler_pic_CXX='-fPIC -DPIC'
lt_cv_prog_compiler_pic_works=yes
lt_cv_prog_compiler_pic_works_CXX=yes
lt_cv_prog_compiler_rtti_exceptions=no
lt_cv_prog_compiler_static_works=yes
lt_cv_prog_compiler_static_works_CXX=yes
lt_cv_prog_gnu_ld=yes
lt_cv_prog_gnu_ldcxx=yes
lt_cv_sharedlib_from_linklib_cmd='printf %s\n'
lt_cv_shlibpath_overrides_runpath=no
lt_cv_sys_global_symbol_pipe='sed -n -e '\''s/^.*[	 ]\([ABCDGIRSTW][ABCDGIRSTW]*\)[	 ][	 ]*\([_A-Za-z][_A-Za-z0-9]*\)$/\1 \2 \2/p'\'' | sed '\''/ __gnu_lto/d'\'''
lt_cv_sys_global_symbol_to_c_name_address='sed -n -e '\''s/^: \(.*\) .*$/  {"\1", (void *) 0},/p'\'' -e '\''s/^[ABCDGIRSTW][ABCDGIRSTW]* .* \(.*\)$/  {"\1", (void *) \&\1},/p'\'''
lt_cv_sys_global_symbol_to_c_name_address_lib_prefix='sed -n -e '\''s/^: \(.*\) .*$/  {"\1", (void *) 0},/p'\'' -e '\''s/^[ABCDGIRSTW][ABCDGIRSTW]* .* \(lib.*\)$/  {"\1", (void *) \&\1},/p'\'' -e '\''s/^[ABCDGIRSTW][ABCDGIRSTW]* .* \(.*\)$/  {"lib\1", (void *) \&\1},/p'\'''
lt_cv_sys_global_symbol_to_cdecl='sed -n -e '\''s/^T .* \(.*\)$/extern int \1();/p'\'' -e '\''s/^[ABCDGIRSTW][ABCDGIRSTW]* .* \(.*\)$/extern char \1;/p'\'''
lt_cv_sys_global_symbol_to_import=
lt_cv_sys_max_cmd_len=1572864
lt_cv_to_host_file_cmd=func_convert_file_noop
lt_cv_to_tool_file_cmd=func_convert_file_noop
lt_cv_truncate_bin='/bin/dd bs=4096 count=1'
pkg_cv_XML_CFLAGS='-I/home/test/workspace/sam_audio/buildroot2/output/host/usr/arm-buildroot-linux-gnueabihf/sysroot/usr/include/libxml2  '
pkg_cv_XML_LIBS='-L/home/test/workspace/sam_audio/buildroot2/output/host/usr/arm-buildroot-linux-gnueabihf/sysroot/usr/lib -lxml2  '

## ----------------- ##
## Output variables. ##
## ----------------- ##

ACLOCAL='${SHELL} /home/test/workspace/sam_audio/dsplib/libdsp/missing aclocal-1.15'
AMDEPBACKSLASH=''
AMDEP_FALSE=''
AMDEP_TRUE='#'
AMTAR='$${TAR-tar}'
AM_BACKSLASH='\'
AM_DEFAULT_V='$(AM_DEFAULT_VERBOSITY)'
AM_DEFAULT_VERBOSITY='1'
AM_V='$(V)'
AR='ar'
AUTOCONF='${SHELL} /home/test/workspace/sam_audio/dsplib/libdsp/missing autoconf'
AUTOHEADER='${SHELL} /home/test/workspace/sam_audio/dsplib/libdsp/missing autoheader'
AUTOMAKE='${SHELL} /home/test/workspace/sam_audio/dsplib/libdsp/missing automake-1.15'
AWK='gawk'
CC='/home/test/workspace/sam_audio/buildroot2/output/host/usr/bin/arm-linux-gnueabi-gcc'
CCDEPMODE='depmode=none'
CFLAGS='-D_LARGEFILE_SOURCE -D_LARGEFILE64_SOURCE -D_FILE_OFFSET_BITS=64   -Os '
CPP='/home/test/workspace/sam_audio/buildroot2/output/host/usr/bin/arm-linux-gnueabi-cpp'
CPPFLAGS='-D_LARGEFILE_SOURCE -D_LARGEFILE64_SOURCE -D_FILE_OFFSET_BITS=64'
CXX='/home/test/workspace/sam_audio/buildroot2/output/host/usr/bin/arm-linux-gnueabi-g++'
CXXCPP='/home/test/workspace/sam_audio/buildroot2/output/host/usr/bin/arm-linux-gnueabi-g++ -E'
CXXDEPMODE='depmode=none'
CXXFLAGS='-D_LARGEFILE_SOURCE -D_LARGEFILE64_SOURCE -D_FILE_OFFSET_BITS=64   -Os '
CYGPATH_W='echo'
DEFS='-DHAVE_CONFIG_H'
DEPDIR='.deps'
DLLTOOL='false'
DSYMUTIL=''
DUMPBIN=':'
ECHO_C=''
ECHO_N='-n'
ECHO_T=''
EGREP='/bin/grep -E'
EXEEXT=''
FGREP='/bin/grep -F'
GREP='/bin/grep'
INSTALL_DATA='${INSTALL} -m 644'
INSTALL_PROGRAM='${INSTALL}'
INSTALL_SCRIPT='${INSTALL}'
INSTALL_STRIP_PROGRAM='$(install_sh) -c -s'
LD='/opt/analog/cces-linux-add-in/1.3.1/ARM/arm-linux-gnueabi/arm-linux-gnueabi/bin/ld'
LDFLAGS=''
LIBOBJS=' ${LIBOBJDIR}malloc$U.o'
LIBS='-lxml2 -lmcapi -lasound -lasound -llo -lmcapi -lxml2'
LIBTOOL='$(SHELL) $(top_builddir)/libtool'
LIPO=''
LN_S='ln -s'
LTLIBOBJS=' ${LIBOBJDIR}malloc$U.lo'
LT_SYS_LIBRARY_PATH=''
MAKEINFO='${SHELL} /home/test/workspace/sam_audio/dsplib/libdsp/missing makeinfo'
MANIFEST_TOOL=':'
MKDIR_P='/bin/mkdir -p'
NM='nm'
NMEDIT=''
OBJDUMP='objdump'
OBJEXT='o'
OTOOL64=''
OTOOL=''
PACKAGE='libdsp'
PACKAGE_BUGREPORT='processor.tools.support@analog.com'
PACKAGE_NAME='libdsp'
PACKAGE_STRING='libdsp 0.0.1'
PACKAGE_TARNAME='libdsp'
PACKAGE_URL=''
PACKAGE_VERSION='0.0.1'
PATH_SEPARATOR=':'
PKG_CONFIG='/home/test/workspace/sam_audio/buildroot2/output/host/usr/bin/pkg-config'
PKG_CONFIG_LIBDIR=''
PKG_CONFIG_PATH=''
RANLIB='ranlib'
SED='/bin/sed'
SET_MAKE=''
SHELL='/bin/bash'
STRIP='strip'
VERSION='0.0.1'
XML_CFLAGS='-I/home/test/workspace/sam_audio/buildroot2/output/host/usr/arm-buildroot-linux-gnueabihf/sysroot/usr/include/libxml2  '
XML_LIBS='-L/home/test/workspace/sam_audio/buildroot2/output/host/usr/arm-buildroot-linux-gnueabihf/sysroot/usr/lib -lxml2  '
ac_ct_AR='ar'
ac_ct_CC=''
ac_ct_CXX=''
ac_ct_DUMPBIN='link -dump'
am__EXEEXT_FALSE=''
am__EXEEXT_TRUE='#'
am__fastdepCC_FALSE=''
am__fastdepCC_TRUE='#'
am__fastdepCXX_FALSE=''
am__fastdepCXX_TRUE='#'
am__include='include'
am__isrc=''
am__leading_dot='.'
am__nodep=''
am__quote=''
am__tar='$${TAR-tar} chof - "$$tardir"'
am__untar='$${TAR-tar} xf -'
bindir='${exec_prefix}/bin'
build='x86_64-unknown-linux-gnu'
build_alias='x86_64-unknown-linux-gnu'
build_cpu='x86_64'
build_os='linux-gnu'
build_vendor='unknown'
datadir='${datarootdir}'
datarootdir='${prefix}/share'
docdir='${datarootdir}/doc/${PACKAGE_TARNAME}'
dvidir='${docdir}'
exec_prefix='/usr'
host='arm-buildroot-linux-gnueabihf'
host_alias='arm-buildroot-linux-gnueabihf'
host_cpu='arm'
host_os='linux-gnueabihf'
host_vendor='buildroot'
htmldir='${docdir}'
includedir='${prefix}/include'
infodir='${datarootdir}/info'
install_sh='${SHELL} /home/test/workspace/sam_audio/dsplib/libdsp/install-sh'
libdir='${exec_prefix}/lib'
libexecdir='${exec_prefix}/libexec'
localedir='${datarootdir}/locale'
localstatedir='/var'
mandir='${datarootdir}/man'
mkdir_p='$(MKDIR_P)'
oldincludedir='/usr/include'
pdfdir='${docdir}'
prefix='/usr'
program_transform_name='s&^&&'
psdir='${docdir}'
runstatedir='${localstatedir}/run'
sbindir='${exec_prefix}/sbin'
sharedstatedir='${prefix}/com'
sysconfdir='/etc'
target_alias='arm-buildroot-linux-gnueabihf'

## ----------- ##
## confdefs.h. ##
## ----------- ##

/* confdefs.h */
#define PACKAGE_NAME "libdsp"
#define PACKAGE_TARNAME "libdsp"
#define PACKAGE_VERSION "0.0.1"
#define PACKAGE_STRING "libdsp 0.0.1"
#define PACKAGE_BUGREPORT "processor.tools.support@analog.com"
#define PACKAGE_URL ""
#define PACKAGE "libdsp"
#define VERSION "0.0.1"
#define STDC_HEADERS 1
#define HAVE_SYS_TYPES_H 1
#define HAVE_SYS_STAT_H 1
#define HAVE_STDLIB_H 1
#define HAVE_STRING_H 1
#define HAVE_MEMORY_H 1
#define HAVE_STRINGS_H 1
#define HAVE_INTTYPES_H 1
#define HAVE_STDINT_H 1
#define HAVE_UNISTD_H 1
#define HAVE_DLFCN_H 1
#define LT_OBJDIR ".libs/"
#define HAVE_LIBASOUND 1
#define HAVE_LIBMCAPI 1
#define HAVE_LIBXML2 1
#define HAVE_FCNTL_H 1
#define HAVE_STDLIB_H 1
#define HAVE_STRING_H 1
#define HAVE_UNISTD_H 1
#define HAVE_STDLIB_H 1
#define HAVE_MALLOC 0
#define malloc rpl_malloc
#define HAVE_STDLIB_H 1
#define HAVE_UNISTD_H 1
#define HAVE_SYS_PARAM_H 1
#define HAVE_GETPAGESIZE 1
#define HAVE_MUNMAP 1
#define HAVE_STRSTR 1

configure: exit 0

## ---------------------- ##
## Running config.status. ##
## ---------------------- ##

This file was extended by libdsp config.status 0.0.1, which was
generated by GNU Autoconf 2.69.  Invocation command line was

  CONFIG_FILES    = 
  CONFIG_HEADERS  = 
  CONFIG_LINKS    = 
  CONFIG_COMMANDS = 
  $ ./config.status 

on test-OptiPlex-3050

config.status:1170: creating Makefile
config.status:1170: creating src/Makefile
config.status:1170: creating tests/Makefile
config.status:1170: creating config.h
config.status:1399: executing depfiles commands
config.status:1399: executing libtool commands
